<?xml version="1.0" encoding="UTF-8"?>
<!-- Generated by org.testng.reporters.JUnitXMLReporter -->
<testsuite ignored="0" hostname="TYSS-Basavaraj-Awati" failures="0" tests="6" name="Test" time="83.155" errors="0" timestamp="2024-02-07T15:06:50 IST">
  <testcase classname="org.automation.testScripts.WishListTestCase" name="addToWishlistTestCase" time="5.481"/>
  <testcase classname="org.automation.testScripts.AddToCartAndRemoveFromCartTestCase" name="addToCartAndRemoveFromCart" time="15.209"/>
  <testcase classname="org.automation.testScripts.RegistrationTestCase" name="registration" time="4.341"/>
  <testcase classname="org.automation.testScripts.RegistrationTestCase" name="registration" time="4.428"/>
  <testcase classname="org.automation.testScripts.RegistrationTestCase" name="registration" time="5.065"/>
  <testcase classname="org.automation.testScripts.RegistrationTestCase" name="registration" time="4.682"/>
</testsuite> <!-- Test -->
